<?xml version="1.0" encoding="UTF-8"?>
<Site BuildName="(empty)"
	BuildStamp="20250730-0419-Experimental"
	Name="(empty)"
	Generator="ctest-4.1.0-rc3"
	CompilerName=""
	CompilerVersion=""
	OSName="Windows"
	Hostname="MayankMaurya"
	OSRelease=" Professional"
	OSVersion=" (Build 26100)"
	OSPlatform="AMD64"
	Is64Bits="1"
	VendorString="GenuineIntel"
	VendorID="Intel Corporation"
	FamilyID="6"
	ModelID="7"
	ModelName=""
	ProcessorCacheSize="-1"
	NumberOfLogicalCPU="12"
	NumberOfPhysicalCPU="8"
	TotalVirtualMemory="25819"
	TotalPhysicalMemory="11995"
	LogicalProcessorsPerPhysical="1"
	ProcessorClockFrequency="2400"
	>
	<Testing>
		<StartDateTime>Aug 17 14:32 India Standard Time</StartDateTime>
		<StartTestTime>1755421334</StartTestTime>
		<TestList/>
		<EndDateTime>Aug 17 14:32 India Standard Time</EndDateTime>
		<EndTestTime>1755421334</EndTestTime>
		<ElapsedMinutes>0</ElapsedMinutes>
	</Testing>
</Site>
